7/19/2025, 10:56:45 PM EDT 0: 

----------------------------------------------
7/19/2025, 10:56:45 PM EDT 1: Discord starting: {"releaseChannel":"stable","version":"0.0.100"}, modulepath: /home/seto/.config/discord/0.0.100/modules
7/19/2025, 10:56:45 PM EDT 2: ✅ webContents.created web1 ""
7/19/2025, 10:56:45 PM EDT 3: ✅ window.created win1 "discord"
7/19/2025, 10:56:45 PM EDT 4: ✅ webContents.did-finish-load web1
7/19/2025, 10:56:57 PM EDT 5: window.close win1
7/19/2025, 10:56:57 PM EDT 6: webContents.destroyed web1
7/19/2025, 10:57:35 PM EDT 0: 

----------------------------------------------
7/19/2025, 10:57:35 PM EDT 1: Discord starting: {"releaseChannel":"stable","version":"0.0.100"}, modulepath: /home/seto/.config/discord/0.0.100/modules
7/19/2025, 10:57:35 PM EDT 2: ✅ webContents.created web1 ""
7/19/2025, 10:57:35 PM EDT 3: ✅ window.created win1 "discord"
7/19/2025, 10:57:35 PM EDT 4: ✅ webContents.did-finish-load web1
7/19/2025, 10:58:14 PM EDT 5: window.close win1
7/19/2025, 10:58:14 PM EDT 6: webContents.destroyed web1
7/19/2025, 11:04:49 PM EDT 0: 

----------------------------------------------
7/19/2025, 11:04:49 PM EDT 1: Discord starting: {"releaseChannel":"stable","version":"0.0.100"}, modulepath: /home/seto/.config/discord/0.0.100/modules
7/19/2025, 11:04:49 PM EDT 2: ✅ webContents.created web1 ""
7/19/2025, 11:04:49 PM EDT 3: ✅ window.created win1 "discord"
7/19/2025, 11:04:49 PM EDT 4: ✅ webContents.did-finish-load web1
7/19/2025, 11:05:28 PM EDT 5: window.close win1
7/19/2025, 11:05:28 PM EDT 6: webContents.destroyed web1
7/19/2025, 11:06:49 PM EDT 0: 

----------------------------------------------
7/19/2025, 11:06:49 PM EDT 1: Discord starting: {"releaseChannel":"stable","version":"0.0.100"}, modulepath: /home/seto/.config/discord/0.0.100/modules
7/19/2025, 11:06:49 PM EDT 2: ✅ webContents.created web1 ""
7/19/2025, 11:06:49 PM EDT 3: ✅ window.created win1 "discord"
7/19/2025, 11:06:50 PM EDT 4: ✅ webContents.did-finish-load web1
7/19/2025, 11:06:55 PM EDT 5: before-quit
7/19/2025, 11:06:55 PM EDT 6: window.close win1
7/19/2025, 11:18:47 PM EDT 0: 

----------------------------------------------
7/19/2025, 11:18:47 PM EDT 1: Discord starting: {"releaseChannel":"stable","version":"0.0.100"}, modulepath: /home/seto/.config/discord/0.0.100/modules
7/19/2025, 11:18:47 PM EDT 2: ✅ webContents.created web1 ""
7/19/2025, 11:18:47 PM EDT 3: ✅ window.created win1 "discord"
7/19/2025, 11:18:48 PM EDT 4: ✅ webContents.did-finish-load web1
7/19/2025, 11:18:52 PM EDT 5: window.close win1
7/19/2025, 11:18:52 PM EDT 6: webContents.destroyed web1
7/19/2025, 11:20:22 PM EDT 0: 

----------------------------------------------
7/19/2025, 11:20:22 PM EDT 1: Discord starting: {"releaseChannel":"stable","version":"0.0.100"}, modulepath: /home/seto/.config/discord/0.0.100/modules
7/19/2025, 11:20:22 PM EDT 2: ✅ webContents.created web1 ""
7/19/2025, 11:20:22 PM EDT 3: ✅ window.created win1 "discord"
7/19/2025, 11:20:22 PM EDT 4: ✅ webContents.did-finish-load web1
7/19/2025, 11:21:26 PM EDT 5: window.close win1
7/19/2025, 11:21:26 PM EDT 6: webContents.destroyed web1
7/19/2025, 11:24:18 PM EDT 0: 

----------------------------------------------
7/19/2025, 11:24:18 PM EDT 1: Discord starting: {"releaseChannel":"stable","version":"0.0.100"}, modulepath: /home/seto/.config/discord/0.0.100/modules
7/19/2025, 11:24:18 PM EDT 2: ✅ webContents.created web1 ""
7/19/2025, 11:24:18 PM EDT 3: ✅ window.created win1 "discord"
7/19/2025, 11:24:19 PM EDT 4: ✅ webContents.did-finish-load web1
7/19/2025, 11:24:20 PM EDT 5: window.close win1
7/19/2025, 11:24:20 PM EDT 6: webContents.destroyed web1
