[2025-Jun-29 19:28:43.711 -04:00][ 1138: 1138][info ] Logging initialized
[2025-Jun-29 19:28:43.712 -04:00][ 1138: 1138][info ] Initializing krisp SDK...
[2025-Jun-29 19:28:43.712 -04:00][ 1138: 1138][info ] DoKrispInitialize
[2025-Jun-29 19:28:44.024 -04:00][ 1138: 1138][info ] LoadDynamicKrisp
[2025-Jun-29 19:28:44.024 -04:00][ 1138: 1138][info ] Did not find KRISP_DYLIB_PATH, skipping dynamic loading
[2025-Jun-29 19:28:44.024 -04:00][ 1138: 1138][info ] Initializing Krisp SDK in PID 1138, addr 0x7f7893d8d8e0
[2025-Jun-29 19:28:44.195 -04:00][ 1138: 1138][info ] Initialized Krisp SDK successfully
[2025-Jun-29 19:28:44.195 -04:00][ 1138: 1138][info ] Krisp SDK initialized
[2025-Jun-29 19:30:37.521 -04:00][ 1138: 1138][info ] KrispNCSetModel: model = 
[2025-Jun-29 19:30:51.402 -04:00][ 1138: 1168][info ] KrispNCSetup: sampleRate = 48000, duration = 10
[2025-Jun-29 19:30:51.402 -04:00][ 1138: 1168][info ] Setting Krisp model: full_NC
[2025-Jun-29 19:30:51.420 -04:00][ 1138: 1168][info ] KrispVADSetup: sampleRate = 48000, duration = 10
[2025-Jun-29 19:31:18.204 -04:00][ 1138: 1168][info ] KrispVADSetup: sampleRate = 48000, duration = 10
[2025-Jun-29 19:31:20.642 -04:00][ 1138: 1160][info ] KrispVADReset
[2025-Jun-29 21:01:41.811 -04:00][ 1047: 1047][info ] Logging initialized
[2025-Jun-29 21:01:41.811 -04:00][ 1047: 1047][info ] Initializing krisp SDK...
[2025-Jun-29 21:01:41.811 -04:00][ 1047: 1047][info ] DoKrispInitialize
[2025-Jun-29 21:01:42.119 -04:00][ 1047: 1047][info ] LoadDynamicKrisp
[2025-Jun-29 21:01:42.119 -04:00][ 1047: 1047][info ] Did not find KRISP_DYLIB_PATH, skipping dynamic loading
[2025-Jun-29 21:01:42.119 -04:00][ 1047: 1047][info ] Initializing Krisp SDK in PID 1047, addr 0x7f474198d8e0
[2025-Jun-29 21:01:42.297 -04:00][ 1047: 1047][info ] Initialized Krisp SDK successfully
[2025-Jun-29 21:01:42.297 -04:00][ 1047: 1047][info ] Krisp SDK initialized
[2025-Jun-29 21:01:45.733 -04:00][ 1047: 1047][info ] KrispNCSetModel: model = 
[2025-Jun-30 22:10:13.587 -04:00][13601:13601][info ] Logging initialized
[2025-Jun-30 22:10:13.587 -04:00][13601:13601][info ] Initializing krisp SDK...
[2025-Jun-30 22:10:13.587 -04:00][13601:13601][info ] DoKrispInitialize
[2025-Jun-30 22:10:13.882 -04:00][13601:13601][info ] LoadDynamicKrisp
[2025-Jun-30 22:10:13.882 -04:00][13601:13601][info ] Did not find KRISP_DYLIB_PATH, skipping dynamic loading
[2025-Jun-30 22:10:13.882 -04:00][13601:13601][info ] Initializing Krisp SDK in PID 13601, addr 0x7f973b38d8e0
[2025-Jun-30 22:10:14.052 -04:00][13601:13601][info ] Initialized Krisp SDK successfully
[2025-Jun-30 22:10:14.052 -04:00][13601:13601][info ] Krisp SDK initialized
[2025-Jun-30 22:10:16.275 -04:00][13601:13601][info ] KrispNCSetModel: model = 
[2025-Jun-30 22:10:32.113 -04:00][13601:13632][info ] KrispNCSetup: sampleRate = 48000, duration = 10
[2025-Jun-30 22:10:32.113 -04:00][13601:13632][info ] Setting Krisp model: full_NC
[2025-Jun-30 22:10:32.122 -04:00][13601:13632][info ] KrispVADSetup: sampleRate = 48000, duration = 10
[2025-Jul-09 23:53:48.743 -04:00][ 2895: 2895][info ] Logging initialized
[2025-Jul-09 23:53:48.743 -04:00][ 2895: 2895][info ] Initializing krisp SDK...
[2025-Jul-09 23:53:48.743 -04:00][ 2895: 2895][info ] DoKrispInitialize
[2025-Jul-09 23:53:49.039 -04:00][ 2895: 2895][info ] LoadDynamicKrisp
[2025-Jul-09 23:53:49.040 -04:00][ 2895: 2895][info ] Did not find KRISP_DYLIB_PATH, skipping dynamic loading
[2025-Jul-09 23:53:49.040 -04:00][ 2895: 2895][info ] Initializing Krisp SDK in PID 2895, addr 0x7fafdfb8d8e0
[2025-Jul-09 23:53:49.210 -04:00][ 2895: 2895][info ] Initialized Krisp SDK successfully
[2025-Jul-09 23:53:49.210 -04:00][ 2895: 2895][info ] Krisp SDK initialized
[2025-Jul-09 23:53:52.390 -04:00][ 2895: 2895][info ] KrispNCSetModel: model = 
[2025-Jul-09 23:54:23.316 -04:00][ 3609: 3609][info ] Logging initialized
[2025-Jul-09 23:54:23.316 -04:00][ 3609: 3609][info ] Initializing krisp SDK...
[2025-Jul-09 23:54:23.316 -04:00][ 3609: 3609][info ] DoKrispInitialize
[2025-Jul-09 23:54:23.611 -04:00][ 3609: 3609][info ] LoadDynamicKrisp
[2025-Jul-09 23:54:23.611 -04:00][ 3609: 3609][info ] Did not find KRISP_DYLIB_PATH, skipping dynamic loading
[2025-Jul-09 23:54:23.611 -04:00][ 3609: 3609][info ] Initializing Krisp SDK in PID 3609, addr 0x7fa2d778d8e0
[2025-Jul-09 23:54:23.781 -04:00][ 3609: 3609][info ] Initialized Krisp SDK successfully
[2025-Jul-09 23:54:23.781 -04:00][ 3609: 3609][info ] Krisp SDK initialized
[2025-Jul-09 23:54:27.909 -04:00][ 3609: 3609][info ] KrispNCSetModel: model = 
